Compiling the CXX compiler identification source file "CMakeCXXCompilerId.cpp" failed.
Compiler: C:/cygwin64/bin/cpp.exe 
Build flags: 
Id flags:  

The output was:
1
cpp: fatal error: cannot execute 'cc1plus': spawn: No such file or directory
compilation terminated.


Compiling the CXX compiler identification source file "CMakeCXXCompilerId.cpp" failed.
Compiler: C:/cygwin64/bin/cpp.exe 
Build flags: 
Id flags: -c 

The output was:
1
cpp: fatal error: '-c' is not a valid option to the preprocessor
compilation terminated.


Compiling the CXX compiler identification source file "CMakeCXXCompilerId.cpp" failed.
Compiler: C:/cygwin64/bin/cpp.exe 
Build flags: 
Id flags: --c++ 

The output was:
1
cpp: error: unrecognized command line option '--c++'


Compiling the CXX compiler identification source file "CMakeCXXCompilerId.cpp" failed.
Compiler: C:/cygwin64/bin/cpp.exe 
Build flags: 
Id flags: --ec++ 

The output was:
1
cpp: error: unrecognized command line option '--ec++'; did you mean '-Weffc++'?


Compiling the CXX compiler identification source file "CMakeCXXCompilerId.cpp" failed.
Compiler: C:/cygwin64/bin/cpp.exe 
Build flags: 
Id flags: --target=arm-arm-none-eabi;-mcpu=cortex-m3 

The output was:
1
cpp: warning: '-mcpu=' is deprecated; use '-mtune=' or '-march=' instead
cpp: error: unrecognized command line option '--target=arm-arm-none-eabi'


Compiling the CXX compiler identification source file "CMakeCXXCompilerId.cpp" failed.
Compiler: C:/cygwin64/bin/cpp.exe 
Build flags: 
Id flags:  

The output was:
1
cpp: fatal error: cannot execute 'cc1plus': spawn: No such file or directory
compilation terminated.


Compiling the CXX compiler identification source file "CMakeCXXCompilerId.cpp" failed.
Compiler: C:/cygwin64/bin/cpp.exe 
Build flags: 
Id flags: -c 

The output was:
1
cpp: fatal error: '-c' is not a valid option to the preprocessor
compilation terminated.


Compiling the CXX compiler identification source file "CMakeCXXCompilerId.cpp" failed.
Compiler: C:/cygwin64/bin/cpp.exe 
Build flags: 
Id flags: --c++ 

The output was:
1
cpp: error: unrecognized command line option '--c++'


Compiling the CXX compiler identification source file "CMakeCXXCompilerId.cpp" failed.
Compiler: C:/cygwin64/bin/cpp.exe 
Build flags: 
Id flags: --ec++ 

The output was:
1
cpp: error: unrecognized command line option '--ec++'; did you mean '-Weffc++'?


Compiling the CXX compiler identification source file "CMakeCXXCompilerId.cpp" failed.
Compiler: C:/cygwin64/bin/cpp.exe 
Build flags: 
Id flags: --target=arm-arm-none-eabi;-mcpu=cortex-m3 

The output was:
1
cpp: warning: '-mcpu=' is deprecated; use '-mtune=' or '-march=' instead
cpp: error: unrecognized command line option '--target=arm-arm-none-eabi'


Compiling the CXX compiler identification source file "CMakeCXXCompilerId.cpp" failed.
Compiler: C:/cygwin64/bin/cpp.exe 
Build flags: 
Id flags:  

The output was:
1
cpp: fatal error: cannot execute 'cc1plus': spawn: No such file or directory
compilation terminated.


Compiling the CXX compiler identification source file "CMakeCXXCompilerId.cpp" failed.
Compiler: C:/cygwin64/bin/cpp.exe 
Build flags: 
Id flags: -c 

The output was:
1
cpp: fatal error: '-c' is not a valid option to the preprocessor
compilation terminated.


Compiling the CXX compiler identification source file "CMakeCXXCompilerId.cpp" failed.
Compiler: C:/cygwin64/bin/cpp.exe 
Build flags: 
Id flags: --c++ 

The output was:
1
cpp: error: unrecognized command line option '--c++'


Compiling the CXX compiler identification source file "CMakeCXXCompilerId.cpp" failed.
Compiler: C:/cygwin64/bin/cpp.exe 
Build flags: 
Id flags: --ec++ 

The output was:
1
cpp: error: unrecognized command line option '--ec++'; did you mean '-Weffc++'?


Compiling the CXX compiler identification source file "CMakeCXXCompilerId.cpp" failed.
Compiler: C:/cygwin64/bin/cpp.exe 
Build flags: 
Id flags: --target=arm-arm-none-eabi;-mcpu=cortex-m3 

The output was:
1
cpp: warning: '-mcpu=' is deprecated; use '-mtune=' or '-march=' instead
cpp: error: unrecognized command line option '--target=arm-arm-none-eabi'


Compiling the CXX compiler identification source file "CMakeCXXCompilerId.cpp" failed.
Compiler: C:/cygwin64/bin/cpp.exe 
Build flags: 
Id flags:  

The output was:
1
cpp: fatal error: cannot execute 'cc1plus': spawn: No such file or directory
compilation terminated.


Compiling the CXX compiler identification source file "CMakeCXXCompilerId.cpp" failed.
Compiler: C:/cygwin64/bin/cpp.exe 
Build flags: 
Id flags: -c 

The output was:
1
cpp: fatal error: '-c' is not a valid option to the preprocessor
compilation terminated.


Compiling the CXX compiler identification source file "CMakeCXXCompilerId.cpp" failed.
Compiler: C:/cygwin64/bin/cpp.exe 
Build flags: 
Id flags: --c++ 

The output was:
1
cpp: error: unrecognized command line option '--c++'


Compiling the CXX compiler identification source file "CMakeCXXCompilerId.cpp" failed.
Compiler: C:/cygwin64/bin/cpp.exe 
Build flags: 
Id flags: --ec++ 

The output was:
1
cpp: error: unrecognized command line option '--ec++'; did you mean '-Weffc++'?


Compiling the CXX compiler identification source file "CMakeCXXCompilerId.cpp" failed.
Compiler: C:/cygwin64/bin/cpp.exe 
Build flags: 
Id flags: --target=arm-arm-none-eabi;-mcpu=cortex-m3 

The output was:
1
cpp: warning: '-mcpu=' is deprecated; use '-mtune=' or '-march=' instead
cpp: error: unrecognized command line option '--target=arm-arm-none-eabi'


Checking whether the CXX compiler is IAR using "" terminated after 10 s due to timeout.Checking whether the CXX compiler is IAR using "" terminated after 10 s due to timeout.Determining if the CXX compiler works failed with the following output:
Change Dir: /cygdrive/c/Users/Adar/CLionProjects/Ex1/cmake-build-debug/CMakeFiles/CMakeTmp

Run Build Command(s):C:/cygwin64/bin/make.exe cmTC_71015/fast && C:/cygwin64/bin/make -f CMakeFiles/cmTC_71015.dir/build.make CMakeFiles/cmTC_71015.dir/build
make[1]: Entering directory '/cygdrive/c/Users/Adar/CLionProjects/Ex1/cmake-build-debug/CMakeFiles/CMakeTmp'
Building CXX object CMakeFiles/cmTC_71015.dir/testCXXCompiler.cxx.o
C:/cygwin64/bin/cpp.exe     -o CMakeFiles/cmTC_71015.dir/testCXXCompiler.cxx.o -c /cygdrive/c/Users/Adar/CLionProjects/Ex1/cmake-build-debug/CMakeFiles/CMakeTmp/testCXXCompiler.cxx
cpp: fatal error: '-c' is not a valid option to the preprocessor
compilation terminated.
make[1]: *** [CMakeFiles/cmTC_71015.dir/build.make:66: CMakeFiles/cmTC_71015.dir/testCXXCompiler.cxx.o] Error 1
make[1]: Leaving directory '/cygdrive/c/Users/Adar/CLionProjects/Ex1/cmake-build-debug/CMakeFiles/CMakeTmp'
make: *** [Makefile:121: cmTC_71015/fast] Error 2



